<?xml version="1.0" encoding="UTF-8"?>
<!-- Generated by org.testng.reporters.JUnitXMLReporter -->
<testsuite ignored="9" hostname="DESKTOP-7CT5CNG" failures="1" tests="1" name="FirstScriptMVN" time="5.158" errors="0" timestamp="2024-12-03T22:04:03 EET">
  <testcase classname="FirstSCriptsPackage.tablesTagName" name="checkBox" time="0.019">
    <failure type="org.openqa.selenium.InvalidSelectorException" message="invalid selector
from javascript error: {&amp;quot;status&amp;quot;:32,&amp;quot;value&amp;quot;:&amp;quot;Unable to locate an element with the xpath expression //*[@id=\&amp;quot;checkboxes\&amp;quot;]/ because of the following error:\nSyntaxError: Failed to execute &amp;apos;evaluate&amp;apos; on &amp;apos;Document&amp;apos;: The string &amp;apos;//*[@id=\&amp;quot;checkboxes\&amp;quot;]/&amp;apos; is not a valid XPath expression.&amp;quot;}
  (Session info: chrome=131.0.6778.86)
For documentation on this error, please visit: https://www.selenium.dev/documentation/webdriver/troubleshooting/errors#invalid-selector-exception
Build info: version: &amp;apos;4.26.0&amp;apos;, revision: &amp;apos;8ccf0219d7&amp;apos;
System info: os.name: &amp;apos;Windows 11&amp;apos;, os.arch: &amp;apos;amd64&amp;apos;, os.version: &amp;apos;10.0&amp;apos;, java.version: &amp;apos;21&amp;apos;
Driver info: org.openqa.selenium.chrome.ChromeDriver
Command: [cb1314f8c0318cac58408c45dd8bdfb3, findElement {value=//*[@id=&amp;quot;checkboxes&amp;quot;]/, using=xpath}]
Capabilities {acceptInsecureCerts: false, browserName: chrome, browserVersion: 131.0.6778.86, chrome: {chromedriverVersion: 131.0.6778.87 (ce31cae94873..., userDataDir: C:\Users\User\AppData\Local...}, fedcm:accounts: true, goog:chromeOptions: {debuggerAddress: localhost:58507}, networkConnectionEnabled: false, pageLoadStrategy: normal, platformName: windows, proxy: Proxy(), se:cdp: ws://localhost:58507/devtoo..., se:cdpVersion: 131.0.6778.86, setWindowRect: true, strictFileInteractability: false, timeouts: {implicit: 0, pageLoad: 300000, script: 30000}, unhandledPromptBehavior: dismiss and notify, webauthn:extension:credBlob: true, webauthn:extension:largeBlob: true, webauthn:extension:minPinLength: true, webauthn:extension:prf: true, webauthn:virtualAuthenticators: true}
Session ID: cb1314f8c0318cac58408c45dd8bdfb3">
      <![CDATA[org.openqa.selenium.InvalidSelectorException: invalid selector
from javascript error: {"status":32,"value":"Unable to locate an element with the xpath expression //*[@id=\"checkboxes\"]/ because of the following error:\nSyntaxError: Failed to execute 'evaluate' on 'Document': The string '//*[@id=\"checkboxes\"]/' is not a valid XPath expression."}
  (Session info: chrome=131.0.6778.86)
For documentation on this error, please visit: https://www.selenium.dev/documentation/webdriver/troubleshooting/errors#invalid-selector-exception
Build info: version: '4.26.0', revision: '8ccf0219d7'
System info: os.name: 'Windows 11', os.arch: 'amd64', os.version: '10.0', java.version: '21'
Driver info: org.openqa.selenium.chrome.ChromeDriver
Command: [cb1314f8c0318cac58408c45dd8bdfb3, findElement {value=//*[@id="checkboxes"]/, using=xpath}]
Capabilities {acceptInsecureCerts: false, browserName: chrome, browserVersion: 131.0.6778.86, chrome: {chromedriverVersion: 131.0.6778.87 (ce31cae94873..., userDataDir: C:\Users\User\AppData\Local...}, fedcm:accounts: true, goog:chromeOptions: {debuggerAddress: localhost:58507}, networkConnectionEnabled: false, pageLoadStrategy: normal, platformName: windows, proxy: Proxy(), se:cdp: ws://localhost:58507/devtoo..., se:cdpVersion: 131.0.6778.86, setWindowRect: true, strictFileInteractability: false, timeouts: {implicit: 0, pageLoad: 300000, script: 30000}, unhandledPromptBehavior: dismiss and notify, webauthn:extension:credBlob: true, webauthn:extension:largeBlob: true, webauthn:extension:minPinLength: true, webauthn:extension:prf: true, webauthn:virtualAuthenticators: true}
Session ID: cb1314f8c0318cac58408c45dd8bdfb3
at org.openqa.selenium.remote.ErrorCodec.decode(ErrorCodec.java:167)
at org.openqa.selenium.remote.codec.w3c.W3CHttpResponseCodec.decode(W3CHttpResponseCodec.java:138)
at org.openqa.selenium.remote.codec.w3c.W3CHttpResponseCodec.decode(W3CHttpResponseCodec.java:50)
at org.openqa.selenium.remote.HttpCommandExecutor.execute(HttpCommandExecutor.java:190)
at org.openqa.selenium.remote.service.DriverCommandExecutor.invokeExecute(DriverCommandExecutor.java:216)
at org.openqa.selenium.remote.service.DriverCommandExecutor.execute(DriverCommandExecutor.java:174)
at org.openqa.selenium.remote.RemoteWebDriver.execute(RemoteWebDriver.java:545)
at org.openqa.selenium.remote.ElementLocation$ElementFinder$2.findElement(ElementLocation.java:165)
at org.openqa.selenium.remote.ElementLocation.findElement(ElementLocation.java:59)
at org.openqa.selenium.remote.RemoteWebDriver.findElement(RemoteWebDriver.java:368)
at org.openqa.selenium.remote.RemoteWebDriver.findElement(RemoteWebDriver.java:362)
at FirstSCriptsPackage.tablesTagName.isElementPresent(tablesTagName.java:149)
at FirstSCriptsPackage.tablesTagName.checkBox(tablesTagName.java:158)
at java.base/java.util.ArrayList.forEach(ArrayList.java:1596)
at com.intellij.rt.testng.IDEARemoteTestNG.run(IDEARemoteTestNG.java:66)
at com.intellij.rt.testng.RemoteTestNGStarter.main(RemoteTestNGStarter.java:105)
... Removed 25 stack frames]]>
    </failure>
  </testcase> <!-- checkBox -->
  <testcase classname="FirstSCriptsPackage.tablesTagName" name="submit" time="0.0">
    <ignored/>
  </testcase> <!-- submit -->
  <testcase classname="FirstSCriptsPackage.tablesTagName" name="FindElements" time="0.0">
    <ignored/>
  </testcase> <!-- FindElements -->
  <testcase classname="FirstSCriptsPackage.tablesTagName" name="workingWithText" time="0.0">
    <ignored/>
  </testcase> <!-- workingWithText -->
  <testcase classname="FirstSCriptsPackage.tablesTagName" name="xPath" time="0.0">
    <ignored/>
  </testcase> <!-- xPath -->
  <testcase classname="FirstSCriptsPackage.tablesTagName" name="LinkText" time="0.0">
    <ignored/>
  </testcase> <!-- LinkText -->
  <testcase classname="FirstSCriptsPackage.tablesTagName" name="DropDown" time="0.0">
    <ignored/>
  </testcase> <!-- DropDown -->
  <testcase classname="FirstSCriptsPackage.tablesTagName" name="findElementsByTagName" time="0.0">
    <ignored/>
  </testcase> <!-- findElementsByTagName -->
  <testcase classname="FirstSCriptsPackage.tablesTagName" name="webTables" time="0.0">
    <ignored/>
  </testcase> <!-- webTables -->
  <testcase classname="FirstSCriptsPackage.tablesTagName" name="cssSelector" time="0.0">
    <ignored/>
  </testcase> <!-- cssSelector -->
</testsuite> <!-- FirstScriptMVN -->
